<?xml version="1.0" encoding="UTF-8"?>
<testng-results ignored="0" total="1" passed="1" failed="0" skipped="0">
  <reporter-output>
  </reporter-output>
  <suite started-at="2022-07-31T02:27:25 AST" name="Default suite" finished-at="2022-07-31T02:27:33 AST" duration-ms="8027">
    <groups>
    </groups>
    <test started-at="2022-07-31T02:27:25 AST" name="Default test" finished-at="2022-07-31T02:27:33 AST" duration-ms="8027">
      <class name="ass6ApplyingSelfaxesmethod.ChromWebDriverSelf">
        <test-method is-config="true" signature="setUp()[pri:0, instance:ass6ApplyingSelfaxesmethod.ChromWebDriverSelf@7880cdf3]" started-at="2022-07-31T02:27:25 AST" name="setUp" finished-at="2022-07-31T02:27:33 AST" duration-ms="7441" status="PASS">
          <reporter-output>
          </reporter-output>
        </test-method> <!-- setUp -->
        <test-method signature="LearnEnglishWebSite()[pri:0, instance:ass6ApplyingSelfaxesmethod.ChromWebDriverSelf@7880cdf3]" started-at="2022-07-31T02:27:33 AST" name="LearnEnglishWebSite" finished-at="2022-07-31T02:27:33 AST" duration-ms="203" status="PASS">
          <reporter-output>
          </reporter-output>
        </test-method> <!-- LearnEnglishWebSite -->
        <test-method is-config="true" signature="terminateBrowser()[pri:0, instance:ass6ApplyingSelfaxesmethod.ChromWebDriverSelf@7880cdf3]" started-at="2022-07-31T02:27:33 AST" name="terminateBrowser" finished-at="2022-07-31T02:27:33 AST" duration-ms="334" status="PASS">
          <reporter-output>
          </reporter-output>
        </test-method> <!-- terminateBrowser -->
      </class> <!-- ass6ApplyingSelfaxesmethod.ChromWebDriverSelf -->
    </test> <!-- Default test -->
  </suite> <!-- Default suite -->
</testng-results>
